<?xml version="1.0" encoding="UTF-8"?>
<!-- Generated by org.testng.reporters.JUnitReportReporter -->
<testsuite hostname="LAPTOP-QBTCVFMP" failures="0" tests="5" name="BCAMF.step_definitions.TestRunner" time="27.403" errors="0" timestamp="2022-11-09T11:50:28 WIB" skipped="0">
  <testcase classname="BCAMF.step_definitions.TestRunner" name="runScenario" time="6.439"/>
  <system-out/>
  <testcase classname="BCAMF.step_definitions.TestRunner" name="runScenario" time="10.009"/>
  <system-out/>
  <testcase classname="BCAMF.step_definitions.TestRunner" name="runScenario" time="3.234"/>
  <system-out/>
  <testcase classname="BCAMF.step_definitions.TestRunner" name="runScenario" time="3.360"/>
  <system-out/>
  <testcase classname="BCAMF.step_definitions.TestRunner" name="runScenario" time="4.361"/>
  <system-out/>
</testsuite> <!-- BCAMF.step_definitions.TestRunner -->
